<?xml version="1.0" encoding="UTF-8"?>
<beans xmlns="http://www.springframework.org/schema/beans"
       xmlns:xsi="http://www.w3.org/2001/XMLSchema-instance"
       xmlns:context="http://www.springframework.org/schema/context"
       xmlns:mvc="http://www.springframework.org/schema/mvc"
       xsi:schemaLocation="http://www.springframework.org/schema/beans
       http://www.springframework.org/schema/beans/spring-beans.xsd
       http://www.springframework.org/schema/mvc
       http://www.springframework.org/schema/mvc/spring-mvc.xsd
       http://www.springframework.org/schema/context
       http://www.springframework.org/schema/context/spring-context.xsd">

    <!-- DispatcherServlet Context: defines this servlet's request-processing
        infrastructure -->
    <!-- Enables the Spring MVC @Controller programming model -->
    <!-- Have Spring servlet handle all static content -->
    <context:component-scan base-package="ua.com.itproekt.gup"/>
    <context:annotation-config/>
    <context:property-placeholder location="file:src/resources/properties/application.properties" />


    <mvc:annotation-driven />
    <mvc:default-servlet-handler/>

    <import resource="test-mongo.xml"/>

    <import resource="file:src/main/webapp/WEB-INF/spring/root-context.xml"/>
    <import resource="file:src/main/webapp/WEB-INF/spring/security/client-details.xml"/>
    <import resource="file:src/main/webapp/WEB-INF/spring/security/spring-security.xml"/>

</beans>