<?xml version="1.0" encoding="UTF-8"?>
<beans xmlns="http://www.springframework.org/schema/beans"
       xmlns:xsi="http://www.w3.org/2001/XMLSchema-instance"
       xmlns:mongo="http://www.springframework.org/schema/data/mongo"
       xsi:schemaLocation="http://www.springframework.org/schema/beans
       http://www.springframework.org/schema/beans/spring-beans.xsd
       http://www.springframework.org/schema/data/mongo
       http://www.springframework.org/schema/data/mongo/spring-mongo.xsd">

    <mongo:repositories base-package="ua.com.itproekt.gup.dao"/>
    <mongo:mongo host="${mongo.db.server}" port="${mongo.db.port}" id="mongo"/>
    <mongo:db-factory id="mongoDbFactory" mongo-ref="mongo" dbname="${mongo.db.name}" />

    <!--<mongo:mapping-converter id="mongoConverter">-->
        <!--<mongo:custom-converters>-->
            <!--<mongo:converter >-->
                <!--<bean class="ua.com.itproekt.gupurity.OAuth2AuthenticationReadConverter"/>-->
            <!--</mongo:converter>-->
        <!--</mongo:custom-converters>-->
    <!--</mongo:mapping-converter>-->

    <bean id="mongoTemplate" class="org.springframework.data.mongodb.core.MongoTemplate" >
        <constructor-arg ref="mongoDbFactory"/>
        <!--<constructor-arg ref="mongoConverter"/>-->
    </bean>

</beans>